<?xml version="1.0" encoding="UTF-8" ?>
<testsuites>

  <testsuite name="Player" errors="0" tests="1" failures="0" time="0.008" timestamp="Wed Sep 17 2014 22:12:06 GMT-0400 (EDT)">
    
      <testcase assertions="0" classname="Player" name="should be able to play a Song" time="0.002">
        
      </testcase>
    
  </testsuite>

  <testsuite name="Player when song has been paused" errors="0" tests="3" failures="0" time="0.003" timestamp="Wed Sep 17 2014 22:12:06 GMT-0400 (EDT)">
    
      <testcase assertions="0" classname="Player when song has been paused" name="should indicate that the song is currently paused" time="0.001">
        
      </testcase>
    
      <testcase assertions="0" classname="Player when song has been paused" name="should be possible to resume" time="0">
        
      </testcase>
    
      <testcase assertions="0" classname="Player when song has been paused" name="tells the current song if the user has made it a favorite" time="0.001">
        
      </testcase>
    
  </testsuite>

  <testsuite name="Player #resume" errors="0" tests="1" failures="0" time="0.001" timestamp="Wed Sep 17 2014 22:12:06 GMT-0400 (EDT)">
    
      <testcase assertions="0" classname="Player #resume" name="should throw an exception if song is already playing" time="0.001">
        
      </testcase>
    
  </testsuite>

</testsuites>