<?xml version="1.0" encoding="UTF-8" ?>
<testsuites>

  <testsuite name="Player" errors="0" tests="1" failures="0" time="0.008" timestamp="Wed Sep 17 2014 22:12:00 GMT-0400 (EDT)">
    
      <testcase assertions="0" classname="Player" name="should be able to play a Song" time="0.002">
        
      </testcase>
    
  </testsuite>

</testsuites>